2025-11-13T03:35:30+00:00 INFO Payment gateway enabled: "Midtrans"
2025-11-13T04:15:11+00:00 INFO Payment gateway enabled: "Midtrans Specific: Card Payment"
2025-11-13T04:15:12+00:00 INFO Payment gateway enabled: "Midtrans Specific: GoPay & QRIS"
2025-11-13T04:15:13+00:00 INFO Payment gateway enabled: "Midtrans Specific: ShopeePay & QRIS"
2025-11-13T04:15:54+00:00 INFO Payment gateway enabled: "Midtrans Specific: QRIS"
2025-11-13T04:16:12+00:00 INFO Payment gateway enabled: "Midtrans Specific: Bank Transfer BCA VA"
2025-11-13T04:16:13+00:00 INFO Payment gateway enabled: "Midtrans Specific: Bank Transfer BNI VA"
2025-11-13T04:16:30+00:00 INFO Payment gateway enabled: "Midtrans Adv: Card in-Browser Payment UI"
2025-11-13T04:16:31+00:00 INFO Payment gateway enabled: "Midtrans Adv: Promo Payment"
2025-11-13T04:16:42+00:00 INFO Payment gateway enabled: "Midtrans Adv: Offline Installment"
2025-11-13T04:16:43+00:00 INFO Payment gateway enabled: "Midtrans Adv: Online Installment"
2025-11-13T04:16:53+00:00 INFO Payment gateway enabled: "Midtrans Specific: Bank Transfer BRI VA"
2025-11-13T04:16:54+00:00 INFO Payment gateway enabled: "Midtrans Specific: Bank Transfer Permata VA"
2025-11-13T04:16:54+00:00 INFO Payment gateway enabled: "Midtrans Specific: Bank Transfer Mandiri Bill Payment"
2025-11-13T04:16:55+00:00 INFO Payment gateway enabled: "Midtrans Specific: Bank Transfer Other"
2025-11-13T04:17:07+00:00 INFO Payment gateway enabled: "Midtrans Specific: Indomaret"
2025-11-13T04:17:07+00:00 INFO Payment gateway enabled: "Midtrans Specific: Alfamart Group"
2025-11-13T04:17:16+00:00 INFO Payment gateway enabled: "Midtrans Specific: Danamon Online Banking"
2025-11-13T04:17:17+00:00 INFO Payment gateway enabled: "Midtrans Specific: CIMB OCTO Clicks"
2025-11-13T04:17:24+00:00 INFO Payment gateway enabled: "Midtrans Specific: Akulaku"
2025-11-13T04:17:32+00:00 INFO Payment gateway enabled: "Midtrans Specific: BCA KlikPay"
2025-11-13T04:17:40+00:00 INFO Payment gateway enabled: "Midtrans Specific: BRImo"
